<?xml version="1.0" encoding="UTF-8"?><testsuite errors="1" failures="0" name="enter to page DX Hotels and choose the most economic hotel" skipped="0" tests="1" time="20.51" timestamp="2021-01-29 11:34:15"><testcase name="Carolina choose the most economic hotel"><error message="Element &lt;input id=&quot;dx_dx-e98caca1-674e-20ac-992b-977b514f986e_checkOut&quot; class=&quot;dx-texteditor-input&quot; type=&quot;text&quot;&gt; is not reachable by keyboard&#10;Build info: version: '3.141.59', revision: 'e82be7d358', time: '2018-11-14T08:17:03'&#10;System info: host: 'CPX-R4SZBWGIAJC', ip: '192.168.0.13', os.name: 'Windows 10', os.arch: 'amd64', os.version: '10.0', java.version: '1.8.0_231'&#10;Driver info: org.openqa.selenium.firefox.FirefoxDriver&#10;Capabilities {acceptInsecureCerts: true, browserName: firefox, browserVersion: 84.0.2, javascriptEnabled: true, moz:accessibilityChecks: false, moz:buildID: 20210105180113, moz:geckodriverVersion: 0.27.0, moz:headless: false, moz:processID: 12224, moz:profile: C:\Users\deisy.mosquera\App..., moz:shutdownTimeout: 60000, moz:useNonSpecCompliantPointerOrigin: false, moz:webdriverClick: true, pageLoadStrategy: normal, platform: WINDOWS, platformName: WINDOWS, platformVersion: 10.0, rotatable: false, setWindowRect: true, strictFileInteractability: false, timeouts: {implicit: 0, pageLoad: 300000, script: 30000}, unhandledPromptBehavior: dismiss and notify}&#10;Session ID: 682be042-369b-42a0-9d52-fcb26ec8ac53" type="org.openqa.selenium.ElementNotInteractableException">Element &lt;input id="dx_dx-e98caca1-674e-20ac-992b-977b514f986e_checkOut" class="dx-texteditor-input" type="text"&gt; is not reachable by keyboard
Build info: version: '3.141.59', revision: 'e82be7d358', time: '2018-11-14T08:17:03'
System info: host: 'CPX-R4SZBWGIAJC', ip: '192.168.0.13', os.name: 'Windows 10', os.arch: 'amd64', os.version: '10.0', java.version: '1.8.0_231'
Driver info: org.openqa.selenium.firefox.FirefoxDriver
Capabilities {acceptInsecureCerts: true, browserName: firefox, browserVersion: 84.0.2, javascriptEnabled: true, moz:accessibilityChecks: false, moz:buildID: 20210105180113, moz:geckodriverVersion: 0.27.0, moz:headless: false, moz:processID: 12224, moz:profile: C:\Users\deisy.mosquera\App..., moz:shutdownTimeout: 60000, moz:useNonSpecCompliantPointerOrigin: false, moz:webdriverClick: true, pageLoadStrategy: normal, platform: WINDOWS, platformName: WINDOWS, platformVersion: 10.0, rotatable: false, setWindowRect: true, strictFileInteractability: false, timeouts: {implicit: 0, pageLoad: 300000, script: 30000}, unhandledPromptBehavior: dismiss and notify}
Session ID: 682be042-369b-42a0-9d52-fcb26ec8ac53</error><system-err>Element &lt;input id="dx_dx-e98caca1-674e-20ac-992b-977b514f986e_checkOut" class="dx-texteditor-input" type="text"&gt; is not reachable by keyboard
Build info: version: '3.141.59', revision: 'e82be7d358', time: '2018-11-14T08:17:03'
System info: host: 'CPX-R4SZBWGIAJC', ip: '192.168.0.13', os.name: 'Windows 10', os.arch: 'amd64', os.version: '10.0', java.version: '1.8.0_231'
Driver info: org.openqa.selenium.firefox.FirefoxDriver
Capabilities {acceptInsecureCerts: true, browserName: firefox, browserVersion: 84.0.2, javascriptEnabled: true, moz:accessibilityChecks: false, moz:buildID: 20210105180113, moz:geckodriverVersion: 0.27.0, moz:headless: false, moz:processID: 12224, moz:profile: C:\Users\deisy.mosquera\App..., moz:shutdownTimeout: 60000, moz:useNonSpecCompliantPointerOrigin: false, moz:webdriverClick: true, pageLoadStrategy: normal, platform: WINDOWS, platformName: WINDOWS, platformVersion: 10.0, rotatable: false, setWindowRect: true, strictFileInteractability: false, timeouts: {implicit: 0, pageLoad: 300000, script: 30000}, unhandledPromptBehavior: dismiss and notify}
Session ID: 682be042-369b-42a0-9d52-fcb26ec8ac53&#13;
tasks.EnterDataForSearchHotel.performAs(EnterDataForSearchHotel.java:29)&#13;
stepdefinitions.ChooseHotelStepdefinitions.sheChoseOptionsLocationLasVegasAndStarDateEndDate(ChooseHotelStepdefinitions.java:35)&#13;
cucumber.runner.Runner.runPickle(Runner.java:80)&#13;
</system-err></testcase></testsuite>